4 1 0.026301253587007523 0.00032366940286010504
4 2 0.07599201798439026 0.00032366940286010504
4 3 0.15575623512268066 0.00032366940286010504
4 4 0.22195345163345337 0.00032366940286010504
4 5 0.2525825798511505 0.00032366940286010504
4 6 0.2636149525642395 0.00032366940286010504
4 7 0.2666102945804596 0.00032366940286010504
4 8 0.27256304025650024 0.00032366940286010504
4 9 0.2753295302391052 0.00032366940286010504
4 10 0.2814943194389343 0.00032366940286010504
4 11 0.28328076004981995 0.00032366940286010504
4 12 0.2883331775665283 0.00032366940286010504
4 13 0.2906898260116577 0.00032366940286010504
4 14 0.29888856410980225 0.00032366940286010504
4 15 0.303043931722641 0.00032366940286010504
4 16 0.3026932179927826 0.00032366940286010504
4 17 0.3024289011955261 0.00032366940286010504
4 18 0.3032369017601013 0.00032366940286010504
4 19 0.3042043447494507 0.00032366940286010504
4 20 0.30420172214508057 0.00032366940286010504
