9 1 0.00039367728095385246
9 2 0.0014844116230960935
9 3 0.0065794307956821285
9 4 0.016805275561637245
9 5 0.035036972345551476
9 6 0.05719395389314741
9 7 0.0798040134832263
9 8 0.1013128103222698
9 9 0.11909368773922324
9 10 0.1337082232348621
9 11 0.14758486580103636
9 12 0.15956808626651764
9 13 0.17136171367019415
9 14 0.18080572597682476
9 15 0.1897883303463459
9 16 0.19716836512088776
9 17 0.20440942235291004
9 18 0.21088215708732605
9 19 0.217657083645463
9 20 0.22313080728054047
9 21 0.2288033403456211
9 22 0.233468696475029
9 23 0.237886942923069
9 24 0.24159100838005543
9 25 0.24525139667093754
9 26 0.24829540215432644
9 27 0.25085430033504963
9 28 0.25300885178148746
9 29 0.2556764744222164
9 30 0.25787660107016563
9 31 0.26012944988906384
9 32 0.26180449873209
9 33 0.2637038975954056
9 34 0.2655198946595192
9 35 0.266837440431118
9 36 0.2684865389019251
9 37 0.26966642588377
9 38 0.2710113115608692
9 39 0.272124744951725
9 40 0.27337642572820187
9 41 0.2738927938044071
9 42 0.2751106768846512
9 43 0.27544126845896244
9 44 0.27648311108350754
9 45 0.27688967250287533
9 46 0.27716321125626564
9 47 0.2776113972067833
9 48 0.2781928889453411
9 49 0.2782017085701227
9 50 0.27890326268970966
