7 1 0.0003764476132346317
7 2 0.0011146509932586923
7 3 0.0046470446104649454
7 4 0.013893945681047626
7 5 0.03014142470783554
7 6 0.05198773636948317
7 7 0.07490450551267713
7 8 0.09663327201269567
7 9 0.11496538855135441
7 10 0.12943257112056017
7 11 0.14313874393701553
7 12 0.15495591796934605
7 13 0.1663065329194069
7 14 0.17560073733329773
7 15 0.18419768381863832
7 16 0.19165504071861506
7 17 0.19918147288262844
7 18 0.20493660867214203
7 19 0.21127434633672237
7 20 0.2154808510094881
7 21 0.22072606161236763
7 22 0.22396807372570038
7 23 0.2280296478420496
7 24 0.23023363389074802
7 25 0.23389057256281376
7 26 0.23528131283819675
7 27 0.23835019767284393
7 28 0.23973941430449486
7 29 0.24275386333465576
7 30 0.24378762021660805
7 31 0.24631152860820293
7 32 0.24719279073178768
7 33 0.2493793573230505
7 34 0.25002735294401646
7 35 0.2518302518874407
7 36 0.2522044815123081
7 37 0.2539527155458927
7 38 0.2542570196092129
7 39 0.2557968907058239
7 40 0.2557292506098747
7 41 0.25713692232966423
7 42 0.2570329140871763
7 43 0.2584159169346094
7 44 0.2581544518470764
7 45 0.2593309599906206
7 46 0.2591442111879587
7 47 0.2602445539087057
7 48 0.26002574898302555
7 49 0.2609004583209753
7 50 0.2608840297907591
