3 1 0.0004182287120784167
3 2 0.0015949998269206844
3 3 0.006985324354900513
3 4 0.01573358103632927
3 5 0.02936702291481197
3 6 0.048039101355243474
3 7 0.06862472952343524
3 8 0.0889041752088815
3 9 0.10697276471182704
3 10 0.12275480572134256
3 11 0.1370065351948142
3 12 0.149731682613492
3 13 0.16163395531475544
3 14 0.17177012842148542
3 15 0.18158423341810703
3 16 0.18991080857813358
3 17 0.19769341871142387
3 18 0.20464002527296543
3 19 0.211011353880167
3 20 0.2159654013812542
3 21 0.22100649029016495
3 22 0.22545046545565128
3 23 0.22965381108224392
3 24 0.23328403942286968
3 25 0.23675368167459965
3 26 0.2394540272653103
3 27 0.24233497120440006
3 28 0.24461690336465836
3 29 0.2470364198088646
3 30 0.24894150160253048
3 31 0.25101831369102
3 32 0.2522314488887787
3 33 0.253928204998374
3 34 0.2549120634794235
3 35 0.2564874067902565
3 36 0.25743590109050274
3 37 0.2587815001606941
3 38 0.25947650894522667
3 39 0.26046191342175007
3 40 0.2607195246964693
3 41 0.26224977895617485
3 42 0.26260832510888577
3 43 0.26371563598513603
3 44 0.26385727524757385
3 45 0.2652736268937588
3 46 0.2654706221073866
3 47 0.26670733466744423
3 48 0.2667845394462347
3 49 0.26773725636303425
3 50 0.2677200958132744
