8 1 0.4810061752796173 0.008279922418296337
8 2 0.5744566321372986 0.008279922418296337
8 3 0.6008872389793396 0.008279922418296337
8 4 0.6164917349815369 0.008279922418296337
8 5 0.6231308579444885 0.008279922418296337
8 6 0.6358920931816101 0.008279922418296337
8 7 0.6358126401901245 0.008279922418296337
8 8 0.6416006684303284 0.008279922418296337
8 9 0.6381564736366272 0.008279922418296337
8 10 0.6394007802009583 0.008279922418296337
8 11 0.6384087204933167 0.008279922418296337
8 12 0.6422863602638245 0.008279922418296337
8 13 0.6421204209327698 0.008279922418296337
8 14 0.643032968044281 0.008279922418296337
8 15 0.6439658403396606 0.008279922418296337
8 16 0.6399566531181335 0.008279922418296337
8 17 0.6426628232002258 0.008279922418296337
8 18 0.6451317667961121 0.008279922418296337
8 19 0.6409373879432678 0.008279922418296337
8 20 0.6415113806724548 0.008279922418296337
