2 1 0.0388018898665905 0.008279922418296337
2 2 0.31926053762435913 0.008279922418296337
2 3 0.4244930148124695 0.008279922418296337
2 4 0.49096807837486267 0.008279922418296337
2 5 0.5363116264343262 0.008279922418296337
2 6 0.5670140385627747 0.008279922418296337
2 7 0.5816568732261658 0.008279922418296337
2 8 0.5913035273551941 0.008279922418296337
2 9 0.5949954986572266 0.008279922418296337
2 10 0.6006914377212524 0.008279922418296337
2 11 0.5989325046539307 0.008279922418296337
2 12 0.6020859479904175 0.008279922418296337
2 13 0.6018841862678528 0.008279922418296337
2 14 0.6065911650657654 0.008279922418296337
2 15 0.6059221625328064 0.008279922418296337
2 16 0.6055748462677002 0.008279922418296337
2 17 0.6068809628486633 0.008279922418296337
2 18 0.6065118908882141 0.008279922418296337
2 19 0.6095613241195679 0.008279922418296337
2 20 0.6106614470481873 0.008279922418296337
