10 1 0.0003968115743191447
10 2 0.0013394840352702886
10 3 0.005665422591846436
10 4 0.015568670292850584
10 5 0.03442951530450955
10 6 0.057839473243802786
10 7 0.08152599213644862
10 8 0.103336441796273
10 9 0.12139998888596892
10 10 0.13614035909995437
10 11 0.14949678909033537
10 12 0.16109961178153753
10 13 0.17157568223774433
10 14 0.1806446062400937
10 15 0.18804982583969831
10 16 0.1951142828911543
10 17 0.2004557829350233
10 18 0.20606542937457561
10 19 0.2102456633001566
10 20 0.21459455974400043
10 21 0.21767259389162064
10 22 0.22146708332002163
10 23 0.22395826131105423
10 24 0.2270698845386505
10 25 0.22915039770305157
10 26 0.23193377070128918
10 27 0.23363971710205078
10 28 0.2358758021146059
10 29 0.23737438954412937
10 30 0.23981774412095547
10 31 0.24141550064086914
10 32 0.24347164668142796
10 33 0.24505793489515781
10 34 0.24659991078078747
10 35 0.24781152233481407
10 36 0.24936292320489883
10 37 0.25018895976245403
10 38 0.2513689287006855
10 39 0.2518706079572439
10 40 0.25285667181015015
10 41 0.252733675763011
10 42 0.25424661487340927
10 43 0.254058089107275
10 44 0.25520047545433044
10 45 0.2553558889776468
10 46 0.25611553341150284
10 47 0.25612086802721024
10 48 0.2568945698440075
10 49 0.2566868904978037
10 50 0.2576691322028637
