5 1 0.00042027746530948207
5 2 0.002054365373624023
5 3 0.008149037639668677
5 4 0.01791801705257967
5 5 0.0340640441281721
5 6 0.05366608442272991
5 7 0.0738049941137433
5 8 0.09346483927220106
5 9 0.11065959092229605
5 10 0.12496003089472651
5 11 0.13847598480060697
5 12 0.15031374990940094
5 13 0.16070615500211716
5 14 0.16971078515052795
5 15 0.17762782983481884
5 16 0.18613331858068705
5 17 0.1930498145520687
5 18 0.20035840943455696
5 19 0.20672332309186459
5 20 0.21288041584193707
5 21 0.21828401274979115
5 22 0.22353081591427326
5 23 0.22772805579006672
5 24 0.23156586848199368
5 25 0.23485066927969456
5 26 0.23790333047509193
5 27 0.24011730961501598
5 28 0.24247047677636147
5 29 0.24428903125226498
5 30 0.24634493328630924
5 31 0.24820013530552387
5 32 0.24994690902531147
5 33 0.25159470923244953
5 34 0.2530833035707474
5 35 0.2545760814100504
5 36 0.25570400431752205
5 37 0.2570334579795599
5 38 0.2580467853695154
5 39 0.25904772244393826
5 40 0.2601810935884714
5 41 0.2613011132925749
5 42 0.2623613402247429
5 43 0.2631848156452179
5 44 0.26411460526287556
5 45 0.26503767631947994
5 46 0.2655778266489506
5 47 0.2663535177707672
5 48 0.26688234880566597
5 49 0.26767025515437126
5 50 0.26805582270026207
