6 1 0.00040651192466611974
6 2 0.001303046810789965
6 3 0.004950800335791428
6 4 0.014838584669632837
6 5 0.03210339060751721
6 6 0.052325872296933085
6 7 0.07345092995092273
6 8 0.09481731033883989
6 9 0.11314840009436011
6 10 0.12967601092532277
6 11 0.14459953736513853
6 12 0.1587022552266717
6 13 0.17044176068156958
6 14 0.18092520534992218
6 15 0.18936038855463266
6 16 0.19751489721238613
6 17 0.20414013415575027
6 18 0.21036982536315918
6 19 0.21595797687768936
6 20 0.2209867499768734
6 21 0.22489741817116737
6 22 0.22826643101871014
6 23 0.23180296458303928
6 24 0.2341610249131918
6 25 0.23678778670728207
6 26 0.2389694545418024
6 27 0.2411927469074726
6 28 0.2429324220865965
6 29 0.24512513540685177
6 30 0.2469438686966896
6 31 0.24898960627615452
6 32 0.25053464993834496
6 33 0.2521143015474081
6 34 0.2536761276423931
6 35 0.2554714661091566
6 36 0.25682335905730724
6 37 0.2579179219901562
6 38 0.2587944157421589
6 39 0.26002099737524986
6 40 0.26078952476382256
6 41 0.26185524836182594
6 42 0.2627295721322298
6 43 0.2634567078202963
6 44 0.2642156183719635
6 45 0.26480794325470924
6 46 0.2653067000210285
6 47 0.26610160805284977
6 48 0.26639069616794586
6 49 0.26708078384399414
6 50 0.267546609044075
