1 1 0.000395505252527073
1 2 0.0012854392480221577
1 3 0.005344620411051437
1 4 0.015792645688634366
1 5 0.035030156606808305
1 6 0.05710414523491636
1 7 0.08006390277296305
1 8 0.1028565822634846
1 9 0.12293027807027102
1 10 0.14032184006646276
1 11 0.1565771084278822
1 12 0.17154656816273928
1 13 0.18467737641185522
1 14 0.19700095057487488
1 15 0.20720649883151054
1 16 0.21609251014888287
1 17 0.22345997020602226
1 18 0.22994625940918922
1 19 0.23475435748696327
1 20 0.23906170204281807
1 21 0.24268687516450882
1 22 0.24629160948097706
1 23 0.249113529920578
1 24 0.25213372334837914
1 25 0.25447474233806133
1 26 0.25682648830115795
1 27 0.25872148759663105
1 28 0.2611198052763939
1 29 0.2622669730335474
1 30 0.2642265632748604
1 31 0.26527429930865765
1 32 0.2669289857149124
1 33 0.2683073002845049
1 34 0.2694758176803589
1 35 0.27050490863621235
1 36 0.2717891111969948
1 37 0.2721506543457508
1 38 0.2728939764201641
1 39 0.27395687997341156
1 40 0.2746199928224087
1 41 0.2750856187194586
1 42 0.2759237755089998
1 43 0.27629431895911694
1 44 0.27700066938996315
1 45 0.2773878537118435
1 46 0.2781798802316189
1 47 0.2783245388418436
1 48 0.2792739998549223
1 49 0.279480142518878
1 50 0.279970521107316
